<?xml version="1.0" encoding="UTF-8"?>
<Site BuildName="Win32-ninja"
	BuildStamp="20250116-1214-Experimental"
	Name="DESKTOP-PKRPDIU"
	Generator="ctest-3.30.0"
	CompilerName="C:/msys64-compiler/mingw64/bin/c++.exe"
	CompilerVersion="14.2.0"
	OSName="Windows"
	Hostname="DESKTOP-PKRPDIU"
	OSRelease=" Professional"
	OSVersion=" (Build 22631)"
	OSPlatform="AMD64"
	Is64Bits="1"
	VendorString="GenuineIntel"
	VendorID="Intel Corporation"
	FamilyID="6"
	ModelID="7"
	ProcessorCacheSize="-1"
	NumberOfLogicalCPU="16"
	NumberOfPhysicalCPU="10"
	TotalVirtualMemory="60684"
	TotalPhysicalMemory="48908"
	LogicalProcessorsPerPhysical="1"
	ProcessorClockFrequency="3686"
	>
	<Testing>
		<StartDateTime>Jan 16 15:02 St[NON-UTF-8-BYTE-0xF8]edn[NON-UTF-8-BYTE-0xED] Evropa (b[NON-UTF-8-BYTE-0xEC][NON-UTF-8-BYTE-0x9E]n[NON-UTF-8-BYTE-0xFD] [NON-UTF-8-BYTE-0xE8]as)</StartDateTime>
		<StartTestTime>1737036172</StartTestTime>
		<TestList/>
		<EndDateTime>Jan 16 15:02 St[NON-UTF-8-BYTE-0xF8]edn[NON-UTF-8-BYTE-0xED] Evropa (b[NON-UTF-8-BYTE-0xEC][NON-UTF-8-BYTE-0x9E]n[NON-UTF-8-BYTE-0xFD] [NON-UTF-8-BYTE-0xE8]as)</EndDateTime>
		<EndTestTime>1737036172</EndTestTime>
		<ElapsedMinutes>0</ElapsedMinutes>
	</Testing>
</Site>
